{"C:\\Users\\benja\\OneDrive\\Desktop\\Booksly-React\\Booksly\\src\\pages\\Estadisticas.jsx": {"path":"C:\\Users\\benja\\OneDrive\\Desktop\\Booksly-React\\Booksly\\src\\pages\\Estadisticas.jsx","statementMap":{"0":{"start":{"line":10,"column":25},"end":{"line":10,"column":null}},"1":{"start":{"line":11,"column":10},"end":{"line":11,"column":null}},"2":{"start":{"line":12,"column":28},"end":{"line":12,"column":null}},"3":{"start":{"line":13,"column":30},"end":{"line":13,"column":null}},"4":{"start":{"line":14,"column":26},"end":{"line":14,"column":null}},"5":{"start":{"line":16,"column":4},"end":{"line":45,"column":null}},"6":{"start":{"line":17,"column":8},"end":{"line":44,"column":null}},"7":{"start":{"line":18,"column":32},"end":{"line":40,"column":null}},"8":{"start":{"line":19,"column":16},"end":{"line":39,"column":null}},"9":{"start":{"line":20,"column":33},"end":{"line":20,"column":null}},"10":{"start":{"line":22,"column":44},"end":{"line":30,"column":null}},"11":{"start":{"line":24,"column":47},"end":{"line":24,"column":null}},"12":{"start":{"line":26,"column":24},"end":{"line":29,"column":null}},"13":{"start":{"line":32,"column":20},"end":{"line":32,"column":null}},"14":{"start":{"line":35,"column":20},"end":{"line":35,"column":null}},"15":{"start":{"line":36,"column":20},"end":{"line":36,"column":null}},"16":{"start":{"line":38,"column":20},"end":{"line":38,"column":null}},"17":{"start":{"line":41,"column":12},"end":{"line":41,"column":null}},"18":{"start":{"line":43,"column":12},"end":{"line":43,"column":null}},"19":{"start":{"line":47,"column":25},"end":{"line":50,"column":null}},"20":{"start":{"line":48,"column":8},"end":{"line":48,"column":null}},"21":{"start":{"line":49,"column":8},"end":{"line":49,"column":null}},"22":{"start":{"line":53,"column":30},"end":{"line":53,"column":null}},"23":{"start":{"line":53,"column":49},"end":{"line":53,"column":74}},"24":{"start":{"line":54,"column":26},"end":{"line":54,"column":null}},"25":{"start":{"line":54,"column":45},"end":{"line":54,"column":67}},"26":{"start":{"line":55,"column":31},"end":{"line":55,"column":null}},"27":{"start":{"line":55,"column":61},"end":{"line":55,"column":93}},"28":{"start":{"line":56,"column":27},"end":{"line":56,"column":null}},"29":{"start":{"line":58,"column":4},"end":{"line":60,"column":null}},"30":{"start":{"line":59,"column":8},"end":{"line":59,"column":null}},"31":{"start":{"line":62,"column":4},"end":{"line":64,"column":null}},"32":{"start":{"line":63,"column":8},"end":{"line":63,"column":null}},"33":{"start":{"line":66,"column":4},"end":{"line":100,"column":null}}},"fnMap":{"0":{"name":"Estadisticas","decl":{"start":{"line":9,"column":9},"end":{"line":9,"column":24}},"loc":{"start":{"line":9,"column":24},"end":{"line":102,"column":null}},"line":9},"1":{"name":"(anonymous_1)","decl":{"start":{"line":16,"column":14},"end":{"line":16,"column":20}},"loc":{"start":{"line":16,"column":20},"end":{"line":45,"column":7}},"line":16},"2":{"name":"(anonymous_2)","decl":{"start":{"line":18,"column":32},"end":{"line":18,"column":44}},"loc":{"start":{"line":18,"column":44},"end":{"line":40,"column":null}},"line":18},"3":{"name":"(anonymous_3)","decl":{"start":{"line":22,"column":53},"end":{"line":22,"column":62}},"loc":{"start":{"line":22,"column":62},"end":{"line":30,"column":21}},"line":22},"4":{"name":"(anonymous_4)","decl":{"start":{"line":47,"column":25},"end":{"line":47,"column":31}},"loc":{"start":{"line":47,"column":31},"end":{"line":50,"column":null}},"line":47},"5":{"name":"(anonymous_5)","decl":{"start":{"line":53,"column":44},"end":{"line":53,"column":49}},"loc":{"start":{"line":53,"column":49},"end":{"line":53,"column":74}},"line":53},"6":{"name":"(anonymous_6)","decl":{"start":{"line":54,"column":40},"end":{"line":54,"column":45}},"loc":{"start":{"line":54,"column":45},"end":{"line":54,"column":67}},"line":54},"7":{"name":"(anonymous_7)","decl":{"start":{"line":55,"column":45},"end":{"line":55,"column":46}},"loc":{"start":{"line":55,"column":61},"end":{"line":55,"column":93}},"line":55}},"branchMap":{"0":{"loc":{"start":{"line":17,"column":8},"end":{"line":44,"column":null}},"type":"if","locations":[{"start":{"line":17,"column":8},"end":{"line":44,"column":null}},{"start":{"line":42,"column":15},"end":{"line":44,"column":null}}],"line":17},"1":{"loc":{"start":{"line":24,"column":47},"end":{"line":24,"column":null}},"type":"binary-expr","locations":[{"start":{"line":24,"column":47},"end":{"line":24,"column":71}},{"start":{"line":24,"column":71},"end":{"line":24,"column":null}}],"line":24},"2":{"loc":{"start":{"line":28,"column":36},"end":{"line":28,"column":null}},"type":"cond-expr","locations":[{"start":{"line":28,"column":53},"end":{"line":28,"column":68}},{"start":{"line":28,"column":68},"end":{"line":28,"column":null}}],"line":28},"3":{"loc":{"start":{"line":55,"column":68},"end":{"line":55,"column":93}},"type":"binary-expr","locations":[{"start":{"line":55,"column":68},"end":{"line":55,"column":89}},{"start":{"line":55,"column":89},"end":{"line":55,"column":93}}],"line":55},"4":{"loc":{"start":{"line":58,"column":4},"end":{"line":60,"column":null}},"type":"if","locations":[{"start":{"line":58,"column":4},"end":{"line":60,"column":null}},{"start":{},"end":{}}],"line":58},"5":{"loc":{"start":{"line":62,"column":4},"end":{"line":64,"column":null}},"type":"if","locations":[{"start":{"line":62,"column":4},"end":{"line":64,"column":null}},{"start":{},"end":{}}],"line":62}},"s":{"0":5,"1":5,"2":5,"3":5,"4":5,"5":5,"6":5,"7":5,"8":5,"9":5,"10":5,"11":12,"12":12,"13":5,"14":0,"15":0,"16":5,"17":5,"18":0,"19":5,"20":1,"21":1,"22":5,"23":6,"24":5,"25":6,"26":5,"27":6,"28":5,"29":5,"30":2,"31":3,"32":0,"33":3},"f":{"0":5,"1":5,"2":5,"3":12,"4":1,"5":6,"6":6,"7":6},"b":{"0":[5,0],"1":[12,12],"2":[4,8],"3":[6,0],"4":[2,3],"5":[0,3]},"meta":{"lastBranch":6,"lastFunction":8,"lastStatement":34,"seen":{"f:9:9:9:24":0,"s:10:25:10:Infinity":0,"s:11:10:11:Infinity":1,"s:12:28:12:Infinity":2,"s:13:30:13:Infinity":3,"s:14:26:14:Infinity":4,"s:16:4:45:Infinity":5,"f:16:14:16:20":1,"b:17:8:44:Infinity:42:15:44:Infinity":0,"s:17:8:44:Infinity":6,"s:18:32:40:Infinity":7,"f:18:32:18:44":2,"s:19:16:39:Infinity":8,"s:20:33:20:Infinity":9,"s:22:44:30:Infinity":10,"f:22:53:22:62":3,"s:24:47:24:Infinity":11,"b:24:47:24:71:24:71:24:Infinity":1,"s:26:24:29:Infinity":12,"b:28:53:28:68:28:68:28:Infinity":2,"s:32:20:32:Infinity":13,"s:35:20:35:Infinity":14,"s:36:20:36:Infinity":15,"s:38:20:38:Infinity":16,"s:41:12:41:Infinity":17,"s:43:12:43:Infinity":18,"s:47:25:50:Infinity":19,"f:47:25:47:31":4,"s:48:8:48:Infinity":20,"s:49:8:49:Infinity":21,"s:53:30:53:Infinity":22,"f:53:44:53:49":5,"s:53:49:53:74":23,"s:54:26:54:Infinity":24,"f:54:40:54:45":6,"s:54:45:54:67":25,"s:55:31:55:Infinity":26,"f:55:45:55:46":7,"s:55:61:55:93":27,"b:55:68:55:89:55:89:55:93":3,"s:56:27:56:Infinity":28,"b:58:4:60:Infinity:undefined:undefined:undefined:undefined":4,"s:58:4:60:Infinity":29,"s:59:8:59:Infinity":30,"b:62:4:64:Infinity:undefined:undefined:undefined:undefined":5,"s:62:4:64:Infinity":31,"s:63:8:63:Infinity":32,"s:66:4:100:Infinity":33}}}
,"C:\\Users\\benja\\OneDrive\\Desktop\\Booksly-React\\Booksly\\src\\pages\\Feed.jsx": {"path":"C:\\Users\\benja\\OneDrive\\Desktop\\Booksly-React\\Booksly\\src\\pages\\Feed.jsx","statementMap":{"0":{"start":{"line":9,"column":25},"end":{"line":9,"column":null}},"1":{"start":{"line":10,"column":30},"end":{"line":10,"column":null}},"2":{"start":{"line":11,"column":26},"end":{"line":11,"column":null}},"3":{"start":{"line":13,"column":4},"end":{"line":26,"column":null}},"4":{"start":{"line":15,"column":12},"end":{"line":22,"column":null}},"5":{"start":{"line":16,"column":30},"end":{"line":16,"column":null}},"6":{"start":{"line":17,"column":16},"end":{"line":17,"column":null}},"7":{"start":{"line":19,"column":16},"end":{"line":19,"column":null}},"8":{"start":{"line":21,"column":16},"end":{"line":21,"column":null}},"9":{"start":{"line":25,"column":8},"end":{"line":25,"column":null}},"10":{"start":{"line":28,"column":4},"end":{"line":30,"column":null}},"11":{"start":{"line":29,"column":8},"end":{"line":29,"column":null}},"12":{"start":{"line":32,"column":4},"end":{"line":34,"column":null}},"13":{"start":{"line":33,"column":6},"end":{"line":33,"column":null}},"14":{"start":{"line":36,"column":4},"end":{"line":46,"column":null}},"15":{"start":{"line":42,"column":24},"end":{"line":42,"column":null}}},"fnMap":{"0":{"name":"Feed","decl":{"start":{"line":8,"column":9},"end":{"line":8,"column":16}},"loc":{"start":{"line":8,"column":16},"end":{"line":48,"column":null}},"line":8},"1":{"name":"(anonymous_1)","decl":{"start":{"line":13,"column":14},"end":{"line":13,"column":20}},"loc":{"start":{"line":13,"column":20},"end":{"line":26,"column":6}},"line":13},"2":{"name":"buscarPosts","decl":{"start":{"line":14,"column":23},"end":{"line":14,"column":37}},"loc":{"start":{"line":14,"column":37},"end":{"line":23,"column":null}},"line":14},"3":{"name":"(anonymous_3)","decl":{"start":{"line":41,"column":31},"end":{"line":41,"column":null}},"loc":{"start":{"line":42,"column":24},"end":{"line":42,"column":null}},"line":42}},"branchMap":{"0":{"loc":{"start":{"line":28,"column":4},"end":{"line":30,"column":null}},"type":"if","locations":[{"start":{"line":28,"column":4},"end":{"line":30,"column":null}},{"start":{},"end":{}}],"line":28},"1":{"loc":{"start":{"line":32,"column":4},"end":{"line":34,"column":null}},"type":"if","locations":[{"start":{"line":32,"column":4},"end":{"line":34,"column":null}},{"start":{},"end":{}}],"line":32}},"s":{"0":3,"1":3,"2":3,"3":3,"4":2,"5":2,"6":2,"7":0,"8":2,"9":2,"10":3,"11":2,"12":1,"13":0,"14":1,"15":2},"f":{"0":3,"1":2,"2":2,"3":2},"b":{"0":[2,1],"1":[0,1]},"meta":{"lastBranch":2,"lastFunction":4,"lastStatement":16,"seen":{"f:8:9:8:16":0,"s:9:25:9:Infinity":0,"s:10:30:10:Infinity":1,"s:11:26:11:Infinity":2,"s:13:4:26:Infinity":3,"f:13:14:13:20":1,"f:14:23:14:37":2,"s:15:12:22:Infinity":4,"s:16:30:16:Infinity":5,"s:17:16:17:Infinity":6,"s:19:16:19:Infinity":7,"s:21:16:21:Infinity":8,"s:25:8:25:Infinity":9,"b:28:4:30:Infinity:undefined:undefined:undefined:undefined":0,"s:28:4:30:Infinity":10,"s:29:8:29:Infinity":11,"b:32:4:34:Infinity:undefined:undefined:undefined:undefined":1,"s:32:4:34:Infinity":12,"s:33:6:33:Infinity":13,"s:36:4:46:Infinity":14,"f:41:31:41:Infinity":3,"s:42:24:42:Infinity":15}}}
,"C:\\Users\\benja\\OneDrive\\Desktop\\Booksly-React\\Booksly\\src\\styles\\Estadisticas.css": {"path":"C:\\Users\\benja\\OneDrive\\Desktop\\Booksly-React\\Booksly\\src\\styles\\Estadisticas.css","statementMap":{},"fnMap":{},"branchMap":{},"s":{},"f":{},"b":{},"meta":{"lastBranch":0,"lastFunction":0,"lastStatement":0,"seen":{}}}
,"C:\\Users\\benja\\OneDrive\\Desktop\\Booksly-React\\Booksly\\src\\styles\\feed_estilo.css": {"path":"C:\\Users\\benja\\OneDrive\\Desktop\\Booksly-React\\Booksly\\src\\styles\\feed_estilo.css","statementMap":{},"fnMap":{},"branchMap":{},"s":{},"f":{},"b":{},"meta":{"lastBranch":0,"lastFunction":0,"lastStatement":0,"seen":{}}}
}
